{
  "RSpec": {
    "coverage": {
      "/Users/lucasdevelopment/turing/3module/PlayMe/app/helpers/application_helper.rb": [
        1,
        null
      ],
      "/Users/lucasdevelopment/turing/3module/PlayMe/app/presenters/steam_user_presenter.rb": [
        1,
        1,
        null,
        1,
        1,
        1,
        1,
        1,
        1,
        1,
        1,
        null,
        1,
        1,
        null,
        null,
        1,
        1,
        null,
        null,
        1,
        1,
        null,
        null,
        1,
        1,
        null,
        null,
        1,
        3,
        null,
        null,
        1,
        null,
        1,
        null,
        3,
        3,
        3,
        3,
        36,
        36,
        180,
        180,
        null,
        36,
        null,
        3,
        42,
        42,
        168,
        168,
        null,
        42,
        null,
        3,
        null,
        null,
        1,
        3,
        3,
        351,
        3,
        3,
        36,
        36,
        180,
        180,
        null,
        36,
        null,
        3,
        42,
        42,
        168,
        168,
        null,
        42,
        null,
        3,
        null,
        null,
        1,
        null,
        null,
        3,
        3,
        348,
        348,
        348,
        null,
        3,
        null,
        null,
        null,
        null,
        null,
        null,
        null,
        null,
        null,
        null,
        null,
        1,
        0,
        0,
        0,
        null,
        null,
        null,
        1,
        3,
        null,
        null,
        1,
        3,
        348,
        null,
        null,
        null,
        1,
        7,
        null,
        null,
        1,
        4,
        null,
        null,
        1,
        7,
        null,
        null,
        1,
        7,
        null,
        null,
        null
      ],
      "/Users/lucasdevelopment/turing/3module/PlayMe/app/models/user.rb": [
        1,
        null,
        1,
        0,
        0,
        0,
        null,
        null,
        null
      ],
      "/Users/lucasdevelopment/turing/3module/PlayMe/app/models/application_record.rb": [
        1,
        1,
        null
      ],
      "/Users/lucasdevelopment/turing/3module/PlayMe/app/services/hero_creation_service.rb": [
        1,
        null,
        1,
        1,
        1,
        116,
        116,
        116,
        116,
        116,
        116,
        116,
        116,
        116,
        116,
        116,
        116,
        116,
        116,
        116,
        116,
        116,
        116,
        116,
        116,
        116,
        116,
        116,
        null,
        0,
        0,
        0,
        0,
        0,
        null,
        null,
        null,
        null,
        1,
        null,
        1,
        1,
        null,
        null,
        1,
        1,
        null,
        null,
        1,
        1,
        null,
        null,
        null
      ],
      "/Users/lucasdevelopment/turing/3module/PlayMe/app/models/hero.rb": [
        1,
        null,
        1,
        0,
        null,
        null,
        1,
        0,
        null,
        null,
        1,
        0,
        null,
        null,
        1,
        0,
        null,
        null,
        1,
        0,
        null,
        null,
        1,
        0,
        null,
        null,
        1,
        0,
        null,
        null,
        1,
        0,
        null,
        null,
        1,
        0,
        null,
        null,
        1,
        0,
        null,
        null,
        1,
        27028,
        null,
        null,
        1,
        27028,
        null,
        null,
        1,
        27028,
        null,
        null,
        null
      ],
      "/Users/lucasdevelopment/turing/3module/PlayMe/app/services/metrics_processor.rb": [
        1,
        1,
        null,
        1,
        1,
        1,
        1,
        null,
        null,
        1,
        1,
        1,
        1,
        116,
        116,
        null,
        null,
        null,
        1,
        1,
        null,
        null,
        1,
        1,
        null,
        null,
        1,
        232,
        26912,
        null,
        null,
        null,
        1,
        232,
        232,
        232,
        232,
        null,
        null,
        1,
        116,
        116,
        116,
        116,
        116,
        116,
        116,
        116,
        116,
        116,
        116,
        116,
        116,
        116,
        116,
        116,
        116,
        116,
        116,
        116,
        116,
        116,
        116,
        116,
        null,
        null,
        1,
        116,
        116,
        116,
        2436,
        13456,
        null,
        2436,
        null,
        116,
        null,
        null,
        1,
        1,
        116,
        116,
        null,
        null,
        null,
        1,
        232,
        26912,
        null,
        null,
        null,
        1,
        232,
        232,
        232,
        232,
        null,
        null,
        1,
        116,
        116,
        116,
        116,
        116,
        116,
        116,
        116,
        116,
        116,
        116,
        116,
        116,
        116,
        116,
        116,
        116,
        116,
        116,
        116,
        116,
        116,
        116,
        116,
        116,
        116,
        116,
        116,
        116,
        116,
        116,
        116,
        116,
        116,
        null,
        null,
        1,
        116,
        116,
        116,
        3596,
        13456,
        null,
        3596,
        null,
        116,
        null,
        null,
        1,
        1,
        116,
        116,
        null,
        null,
        null,
        null,
        null,
        null,
        null,
        null,
        null,
        null,
        null,
        null,
        null,
        null,
        null,
        null,
        null,
        null,
        null,
        null,
        null,
        null,
        null,
        null,
        null,
        null,
        null,
        null
      ],
      "/Users/lucasdevelopment/turing/3module/PlayMe/app/services/user_hero.rb": [
        1,
        1,
        1,
        null,
        1,
        348,
        348,
        348,
        348,
        null,
        null,
        1,
        348,
        291,
        null,
        57,
        null,
        null,
        null,
        1,
        0,
        0,
        null,
        null,
        1,
        0,
        null,
        null,
        null
      ],
      "/Users/lucasdevelopment/turing/3module/PlayMe/app/mailers/application_mailer.rb": [
        0,
        0,
        0,
        0
      ],
      "/Users/lucasdevelopment/turing/3module/PlayMe/app/models/matchup.rb": [
        0,
        null,
        null,
        0
      ],
      "/Users/lucasdevelopment/turing/3module/PlayMe/app/presenters/matchups_presenter.rb": [
        0,
        null,
        0,
        0,
        0,
        0,
        null,
        0,
        0,
        0,
        0,
        0,
        0,
        0,
        null,
        0,
        0,
        0,
        null,
        0
      ],
      "/Users/lucasdevelopment/turing/3module/PlayMe/app/presenters/hero_stat_presenter.rb": [
        0,
        null,
        0,
        0,
        0,
        null,
        0,
        0,
        0,
        null,
        0,
        null,
        0,
        0,
        0,
        0,
        0,
        0,
        null,
        0,
        0,
        0,
        0,
        0,
        0,
        0,
        null,
        0
      ],
      "/Users/lucasdevelopment/turing/3module/PlayMe/app/presenters/recent_games_presenter.rb": [
        0,
        0,
        null,
        0,
        0,
        0,
        0,
        0,
        null,
        0,
        0,
        0,
        null,
        null,
        0,
        null,
        0,
        0,
        0,
        0,
        0,
        0,
        0,
        null,
        0,
        0,
        0,
        0,
        0,
        0,
        null,
        0,
        0,
        0,
        null,
        0,
        0,
        0,
        null,
        0,
        0,
        0,
        null,
        0,
        0,
        0,
        null,
        0
      ],
      "/Users/lucasdevelopment/turing/3module/PlayMe/app/jobs/application_job.rb": [
        0,
        0
      ],
      "/Users/lucasdevelopment/turing/3module/PlayMe/app/controllers/application_controller.rb": [
        0,
        0,
        0,
        null,
        0,
        0,
        0,
        0,
        0
      ],
      "/Users/lucasdevelopment/turing/3module/PlayMe/app/controllers/matchups_controller.rb": [
        0,
        null,
        0,
        0,
        0,
        0,
        0,
        0,
        null,
        0
      ],
      "/Users/lucasdevelopment/turing/3module/PlayMe/app/controllers/heros_controller.rb": [
        0,
        null,
        0,
        0,
        0,
        0,
        0,
        null,
        0,
        0,
        0,
        0,
        null,
        0
      ],
      "/Users/lucasdevelopment/turing/3module/PlayMe/app/controllers/users_controller.rb": [
        0,
        null,
        0,
        0,
        0,
        0,
        null,
        0
      ],
      "/Users/lucasdevelopment/turing/3module/PlayMe/app/controllers/recent_games_controller.rb": [
        0,
        null,
        0,
        0,
        0,
        null,
        0
      ],
      "/Users/lucasdevelopment/turing/3module/PlayMe/app/controllers/sessions_controller.rb": [
        0,
        0,
        null,
        0,
        0,
        0,
        0,
        0,
        0,
        0,
        null,
        0,
        0,
        0,
        0,
        null,
        0
      ],
      "/Users/lucasdevelopment/turing/3module/PlayMe/app/controllers/welcome_controller.rb": [
        0,
        null,
        0,
        null,
        0,
        null,
        0
      ],
      "/Users/lucasdevelopment/turing/3module/PlayMe/app/services/player.rb": [
        0,
        0,
        null,
        0,
        0,
        0,
        0,
        null,
        0
      ],
      "/Users/lucasdevelopment/turing/3module/PlayMe/app/services/user_game.rb": [
        0,
        0,
        null,
        0,
        0,
        0,
        0,
        0,
        null,
        0,
        0,
        0,
        null,
        0,
        null,
        0,
        0,
        0,
        0,
        0,
        0,
        0,
        0,
        0,
        0,
        0,
        0,
        0,
        null,
        0,
        0,
        0,
        0,
        0,
        null,
        0,
        0,
        0,
        0,
        0,
        null,
        0
      ],
      "/Users/lucasdevelopment/turing/3module/PlayMe/app/services/hero_matchup_service.rb": [
        0,
        null,
        null,
        null,
        null,
        null,
        null,
        null,
        null,
        null,
        null,
        null,
        null,
        null,
        null,
        null,
        0,
        0,
        0,
        null,
        0,
        0,
        0,
        null,
        0,
        0,
        0,
        null,
        0,
        0,
        0,
        0,
        0,
        0,
        0,
        0,
        0,
        0,
        0,
        0,
        0,
        null,
        0
      ],
      "/Users/lucasdevelopment/turing/3module/PlayMe/app/channels/application_cable/connection.rb": [
        0,
        0,
        0,
        0
      ],
      "/Users/lucasdevelopment/turing/3module/PlayMe/app/channels/application_cable/channel.rb": [
        0,
        0,
        0,
        0
      ]
    },
    "timestamp": 1537047092
  }
}
