{
  "RSpec": {
    "coverage": {
      "/Users/lucasdevelopment/turing/3module/PlayMe/app/helpers/application_helper.rb": [
        1,
        null
      ],
      "/Users/lucasdevelopment/turing/3module/PlayMe/app/models/hero.rb": [
        1,
        null,
        1,
        1,
        null,
        null,
        1,
        1,
        null,
        null,
        1,
        1,
        null,
        null,
        1,
        1,
        null,
        null,
        1,
        1,
        null,
        null,
        1,
        1,
        null,
        null,
        1,
        1,
        null,
        null,
        1,
        1,
        null,
        null,
        1,
        1,
        null,
        null,
        1,
        1,
        null,
        null,
        1,
        81089,
        null,
        null,
        1,
        81084,
        null,
        null,
        1,
        81084,
        null,
        null,
        null
      ],
      "/Users/lucasdevelopment/turing/3module/PlayMe/app/models/application_record.rb": [
        1,
        1,
        null
      ],
      "/Users/lucasdevelopment/turing/3module/PlayMe/app/services/hero_matchup_service.rb": [
        1,
        null,
        1,
        116,
        null,
        null,
        1,
        116,
        null,
        null,
        1,
        116,
        null,
        null,
        1,
        3,
        3,
        122,
        122,
        122,
        122,
        12902,
        null,
        122,
        122,
        null,
        null,
        null,
        null
      ],
      "/Users/lucasdevelopment/turing/3module/PlayMe/app/services/metrics_processor.rb": [
        1,
        1,
        null,
        1,
        2,
        2,
        2,
        null,
        null,
        1,
        2,
        2,
        2,
        232,
        232,
        null,
        null,
        null,
        1,
        3,
        null,
        null,
        1,
        3,
        null,
        null,
        1,
        696,
        80736,
        null,
        null,
        null,
        1,
        696,
        696,
        696,
        696,
        null,
        null,
        1,
        348,
        348,
        348,
        348,
        348,
        348,
        348,
        348,
        348,
        348,
        348,
        348,
        348,
        348,
        348,
        348,
        348,
        348,
        348,
        348,
        348,
        348,
        348,
        348,
        null,
        null,
        1,
        348,
        348,
        348,
        7308,
        40368,
        null,
        7308,
        null,
        348,
        null,
        null,
        1,
        3,
        348,
        348,
        null,
        null,
        null,
        1,
        696,
        80736,
        null,
        null,
        null,
        1,
        696,
        696,
        696,
        696,
        null,
        null,
        1,
        348,
        348,
        348,
        348,
        348,
        348,
        348,
        348,
        348,
        348,
        348,
        348,
        348,
        348,
        348,
        348,
        348,
        348,
        348,
        348,
        348,
        348,
        348,
        348,
        348,
        348,
        348,
        348,
        348,
        348,
        348,
        348,
        348,
        348,
        null,
        null,
        1,
        348,
        348,
        348,
        10788,
        40368,
        null,
        10788,
        null,
        348,
        null,
        null,
        1,
        3,
        348,
        348,
        null,
        null,
        null,
        null,
        null,
        null,
        null,
        null,
        null,
        null,
        null,
        null,
        null,
        null,
        null,
        null,
        null,
        null,
        null,
        null,
        null,
        null,
        null,
        null,
        null,
        null,
        null,
        null
      ],
      "/Users/lucasdevelopment/turing/3module/PlayMe/app/presenters/steam_user_presenter.rb": [
        1,
        1,
        null,
        1,
        2,
        2,
        2,
        2,
        2,
        2,
        2,
        2,
        2,
        2,
        null,
        1,
        1,
        null,
        null,
        1,
        1,
        null,
        null,
        1,
        1,
        null,
        null,
        1,
        1,
        null,
        null,
        1,
        819,
        7,
        null,
        null,
        1,
        2,
        2,
        20,
        null,
        null,
        null,
        1,
        2,
        2,
        20,
        null,
        null,
        null,
        1,
        5,
        0,
        null,
        5,
        null,
        5,
        5,
        5,
        580,
        67280,
        580,
        580,
        null,
        null,
        null,
        5,
        5,
        50,
        null,
        5,
        null,
        null,
        1,
        3,
        3,
        0,
        null,
        3,
        null,
        null,
        1,
        null,
        1,
        7,
        7,
        7,
        7,
        84,
        84,
        420,
        420,
        null,
        84,
        null,
        7,
        98,
        98,
        392,
        392,
        null,
        98,
        null,
        7,
        null,
        null,
        1,
        7,
        7,
        819,
        7,
        7,
        84,
        84,
        420,
        420,
        null,
        84,
        null,
        7,
        98,
        98,
        392,
        392,
        null,
        98,
        null,
        7,
        null,
        null,
        1,
        2,
        2,
        232,
        232,
        232,
        null,
        2,
        null,
        null,
        1,
        7,
        null,
        null,
        1,
        7,
        812,
        null,
        null,
        null,
        1,
        8,
        null,
        null,
        1,
        4,
        null,
        null,
        1,
        8,
        null,
        null,
        1,
        8,
        null,
        null,
        null
      ],
      "/Users/lucasdevelopment/turing/3module/PlayMe/app/services/user_hero.rb": [
        1,
        1,
        1,
        null,
        1,
        813,
        813,
        813,
        813,
        null,
        null,
        1,
        813,
        292,
        null,
        521,
        null,
        null,
        null,
        1,
        1,
        1,
        null,
        null,
        1,
        1,
        null,
        null,
        null
      ],
      "/Users/lucasdevelopment/turing/3module/PlayMe/app/services/hero_creation_service.rb": [
        1,
        null,
        1,
        3,
        3,
        348,
        348,
        348,
        348,
        348,
        348,
        348,
        348,
        348,
        348,
        348,
        348,
        348,
        348,
        348,
        348,
        348,
        348,
        348,
        348,
        348,
        348,
        348,
        null,
        0,
        0,
        0,
        0,
        0,
        null,
        null,
        null,
        null,
        1,
        null,
        1,
        3,
        null,
        null,
        1,
        3,
        null,
        null,
        1,
        3,
        null,
        null,
        null
      ],
      "/Users/lucasdevelopment/turing/3module/PlayMe/app/controllers/welcome_controller.rb": [
        1,
        null,
        1,
        null,
        null,
        null,
        null
      ],
      "/Users/lucasdevelopment/turing/3module/PlayMe/app/controllers/application_controller.rb": [
        1,
        1,
        1,
        null,
        1,
        1,
        2,
        null,
        null
      ],
      "/Users/lucasdevelopment/turing/3module/PlayMe/app/controllers/sessions_controller.rb": [
        1,
        1,
        null,
        1,
        1,
        1,
        1,
        1,
        1,
        null,
        null,
        1,
        0,
        0,
        null,
        null,
        null
      ],
      "/Users/lucasdevelopment/turing/3module/PlayMe/app/models/user.rb": [
        1,
        null,
        1,
        1,
        1,
        1,
        null,
        null,
        null
      ],
      "/Users/lucasdevelopment/turing/3module/PlayMe/app/controllers/users_controller.rb": [
        1,
        null,
        1,
        1,
        1,
        null,
        null,
        1,
        0,
        0,
        0,
        0,
        0,
        0,
        0,
        0,
        0,
        0,
        0,
        null,
        0,
        null,
        null,
        null
      ],
      "/Users/lucasdevelopment/turing/3module/PlayMe/app/controllers/settings_controller.rb": [
        1,
        null,
        1,
        1,
        null,
        null,
        null
      ],
      "/Users/lucasdevelopment/turing/3module/PlayMe/app/controllers/explanations_controller.rb": [
        1,
        null,
        1,
        null,
        null,
        null,
        null
      ]
    },
    "timestamp": 1538603750
  }
}
